nohup: ignoring input
WARNING: All log messages before absl::InitializeLog() is called are written to STDERR
I0000 00:00:1781246320.841757  578039 port.cc:153] oneDNN custom operations are on. You may see slightly different numerical results due to floating-point round-off errors from different computation orders. To turn them off, set the environment variable `TF_ENABLE_ONEDNN_OPTS=0`.
I0000 00:00:1781246320.842125  578039 cudart_stub.cc:31] Could not find cuda drivers on your machine, GPU will not be used.
I0000 00:00:1781246320.875887  578039 cpu_feature_guard.cc:227] This TensorFlow binary is optimized to use available CPU instructions in performance-critical operations.
To enable the following instructions: AVX2 AVX_VNNI FMA, in other operations, rebuild TensorFlow with the appropriate compiler flags.
WARNING: All log messages before absl::InitializeLog() is called are written to STDERR
I0000 00:00:1781246321.649509  578039 port.cc:153] oneDNN custom operations are on. You may see slightly different numerical results due to floating-point round-off errors from different computation orders. To turn them off, set the environment variable `TF_ENABLE_ONEDNN_OPTS=0`.
I0000 00:00:1781246321.649723  578039 cudart_stub.cc:31] Could not find cuda drivers on your machine, GPU will not be used.
Using backend: tensorflow
Other supported backends: tensorflow.compat.v1, pytorch, jax, paddle.
paddle supports more examples now and is recommended.
E0000 00:00:1781246322.988398  578039 cuda_executor.cc:1737] INTERNAL: CUDA Runtime error: Failed call to cudaGetRuntimeVersion: Error loading CUDA libraries. GPU will not be used.: Error loading CUDA libraries. GPU will not be used.
W0000 00:00:1781246323.011221  578039 gpu_device.cc:2365] Cannot dlopen some GPU libraries. Please make sure the missing libraries mentioned above are installed properly if you would like to use GPU. Follow the guide at https://www.tensorflow.org/install/gpu for how to download and setup the required libraries for your platform.
Skipping registering GPU devices...

===== CYCLE 24 =====
2008-12-17 00:00:00
[INFO] Non-dimensional params: eta_nd=0.2510, u0_nd=5.4822, tau_nd=0.7289
[INFO] Loaded fitted source (TF-native) from: data/fitted_source_map_cycle24.npy
[INFO] Source scale (incl. units): 1.0976000000000001
[INFO] Pole mask above deg: 80.0
2008-12-17 00:00:00
[get_wso_constraints] data/24 → Nt=148 (used 400), Nlat=181, total points=60400
Warning: 5000 points required, but 5041 points sampled.
Compiling model...
'compile' took 0.012155 s

Training model...

Step      Train loss                                  Test loss                                   Test metric
0         [5.15e+03, 1.38e+01, 9.96e-04, 1.13e+03]    [6.50e+03, 1.38e+01, 9.96e-04, 1.13e+03]    []  
1000      [7.77e+02, 1.88e+00, 1.15e+01, 1.21e+02]    [9.64e+02, 1.88e+00, 1.15e+01, 1.21e+02]    []  
2000      [4.50e+02, 1.72e+00, 3.18e+00, 1.02e+02]    [5.50e+02, 1.72e+00, 3.18e+00, 1.02e+02]    []  
3000      [3.50e+02, 1.24e+00, 4.97e+00, 9.53e+01]    [4.29e+02, 1.24e+00, 4.97e+00, 9.53e+01]    []  
4000      [2.41e+02, 1.18e+00, 5.48e+00, 8.80e+01]    [2.97e+02, 1.18e+00, 5.48e+00, 8.80e+01]    []  
5000      [3.11e+02, 9.79e-01, 2.90e+00, 8.38e+01]    [3.80e+02, 9.79e-01, 2.90e+00, 8.38e+01]    []  
6000      [2.26e+02, 7.55e-01, 8.24e+00, 8.00e+01]    [2.76e+02, 7.55e-01, 8.24e+00, 8.00e+01]    []  
7000      [1.52e+02, 9.34e-01, 7.75e+00, 7.72e+01]    [1.82e+02, 9.34e-01, 7.75e+00, 7.72e+01]    []  
8000      [1.88e+02, 8.91e-01, 6.01e+00, 7.64e+01]    [2.27e+02, 8.91e-01, 6.01e+00, 7.64e+01]    []  
9000      [1.57e+02, 7.21e-01, 2.34e+00, 7.40e+01]    [1.88e+02, 7.21e-01, 2.34e+00, 7.40e+01]    []  
10000     [1.26e+02, 7.48e-01, 3.71e+00, 7.29e+01]    [1.42e+02, 7.48e-01, 3.71e+00, 7.29e+01]    []  
11000     [1.20e+02, 6.31e-01, 1.50e+01, 7.37e+01]    [1.37e+02, 6.31e-01, 1.50e+01, 7.37e+01]    []  
12000     [1.32e+02, 6.32e-01, 3.90e+00, 7.30e+01]    [1.56e+02, 6.32e-01, 3.90e+00, 7.30e+01]    []  
13000     [9.08e+01, 7.98e-01, 7.69e+00, 7.35e+01]    [1.04e+02, 7.98e-01, 7.69e+00, 7.35e+01]    []  
14000     [9.40e+01, 6.53e-01, 5.64e+00, 7.11e+01]    [1.06e+02, 6.53e-01, 5.64e+00, 7.11e+01]    []  
15000     [7.79e+01, 5.47e-01, 4.29e+00, 7.27e+01]    [8.99e+01, 5.47e-01, 4.29e+00, 7.27e+01]    []  
16000     [6.93e+01, 6.49e-01, 7.00e+00, 7.03e+01]    [8.07e+01, 6.49e-01, 7.00e+00, 7.03e+01]    []  
17000     [8.49e+01, 6.51e-01, 4.11e+00, 7.40e+01]    [9.92e+01, 6.51e-01, 4.11e+00, 7.40e+01]    []  
18000     [7.21e+01, 5.38e-01, 1.86e+00, 6.96e+01]    [7.85e+01, 5.38e-01, 1.86e+00, 6.96e+01]    []  
19000     [8.23e+01, 5.51e-01, 5.23e+00, 6.96e+01]    [8.95e+01, 5.51e-01, 5.23e+00, 6.96e+01]    []  
20000     [7.85e+01, 5.24e-01, 1.52e+01, 6.98e+01]    [8.95e+01, 5.24e-01, 1.52e+01, 6.98e+01]    []  
21000     [6.26e+01, 5.82e-01, 9.48e+00, 6.90e+01]    [7.15e+01, 5.82e-01, 9.48e+00, 6.90e+01]    []  
22000     [7.61e+01, 5.21e-01, 5.96e+00, 7.04e+01]    [8.34e+01, 5.21e-01, 5.96e+00, 7.04e+01]    []  
23000     [9.29e+01, 5.63e-01, 1.08e+00, 7.12e+01]    [1.10e+02, 5.63e-01, 1.08e+00, 7.12e+01]    []  
24000     [7.22e+01, 6.26e-01, 1.18e+00, 7.06e+01]    [7.94e+01, 6.26e-01, 1.18e+00, 7.06e+01]    []  
25000     [5.66e+01, 6.10e-01, 7.75e-01, 6.95e+01]    [6.41e+01, 6.10e-01, 7.75e-01, 6.95e+01]    []  
26000     [8.63e+01, 5.53e-01, 9.29e+00, 7.06e+01]    [1.04e+02, 5.53e-01, 9.29e+00, 7.06e+01]    []  
27000     [5.98e+01, 5.35e-01, 2.31e+00, 6.86e+01]    [6.51e+01, 5.35e-01, 2.31e+00, 6.86e+01]    []  
28000     [7.43e+01, 5.04e-01, 7.48e+00, 6.88e+01]    [7.94e+01, 5.04e-01, 7.48e+00, 6.88e+01]    []  
29000     [6.19e+01, 5.30e-01, 3.24e+00, 6.93e+01]    [7.25e+01, 5.30e-01, 3.24e+00, 6.93e+01]    []  
30000     [7.22e+01, 5.01e-01, 7.38e+00, 7.01e+01]    [8.48e+01, 5.01e-01, 7.38e+00, 7.01e+01]    []  
31000     [1.07e+02, 4.43e-01, 7.00e+00, 7.09e+01]    [1.29e+02, 4.43e-01, 7.00e+00, 7.09e+01]    []  
32000     [6.97e+01, 5.08e-01, 1.53e+01, 6.88e+01]    [7.05e+01, 5.08e-01, 1.53e+01, 6.88e+01]    []  
33000     [7.57e+01, 4.56e-01, 6.22e-01, 6.90e+01]    [8.67e+01, 4.56e-01, 6.22e-01, 6.90e+01]    []  
34000     [2.66e+01, 4.32e-01, 5.88e+00, 6.67e+01]    [2.84e+01, 4.32e-01, 5.88e+00, 6.67e+01]    []  
35000     [3.25e+01, 4.41e-01, 4.56e+00, 6.72e+01]    [3.41e+01, 4.41e-01, 4.56e+00, 6.72e+01]    []  
36000     [3.70e+01, 5.19e-01, 4.23e+00, 6.76e+01]    [3.80e+01, 5.19e-01, 4.23e+00, 6.76e+01]    []  
37000     [7.66e+01, 4.30e-01, 5.73e+00, 6.84e+01]    [9.02e+01, 4.30e-01, 5.73e+00, 6.84e+01]    []  
38000     [2.88e+01, 4.56e-01, 2.52e+00, 6.81e+01]    [2.77e+01, 4.56e-01, 2.52e+00, 6.81e+01]    []  
39000     [9.29e+01, 4.66e-01, 2.07e+01, 6.91e+01]    [9.54e+01, 4.66e-01, 2.07e+01, 6.91e+01]    []  
40000     [3.28e+01, 4.35e-01, 9.61e+00, 6.67e+01]    [3.38e+01, 4.35e-01, 9.61e+00, 6.67e+01]    []  

Best model at step 34000:
  train loss: 9.96e+01
  test loss: 1.01e+02
  test metric: []

'train' took 26711.706422 s

Compiling model...
'compile' took 0.004969 s

Training model...

Step      Train loss                                  Test loss                                   Test metric
40000     [3.29e+01, 4.35e-01, 9.61e+00, 6.67e+01]    [3.38e+01, 4.35e-01, 9.61e+00, 6.67e+01]    []  
41000     [1.28e+01, 2.38e-01, 8.56e-02, 6.48e+01]    [1.54e+01, 2.38e-01, 8.56e-02, 6.48e+01]    []  

Best model at step 41000:
  train loss: 7.80e+01
  test loss: 8.06e+01
  test metric: []

'train' took 2114.460474 s

2008-12-17 00:00:00
cycle 24 done -> results/cycle_24

Summary: {
  "24": {
    "cycle_length_yr": 10.976,
    "field_absmax_model_units": 12.179088592529297
  }
}
