nohup: ignoring input
WARNING: All log messages before absl::InitializeLog() is called are written to STDERR
I0000 00:00:1781358042.755227  655264 port.cc:153] oneDNN custom operations are on. You may see slightly different numerical results due to floating-point round-off errors from different computation orders. To turn them off, set the environment variable `TF_ENABLE_ONEDNN_OPTS=0`.
I0000 00:00:1781358042.755590  655264 cudart_stub.cc:31] Could not find cuda drivers on your machine, GPU will not be used.
I0000 00:00:1781358042.788634  655264 cpu_feature_guard.cc:227] This TensorFlow binary is optimized to use available CPU instructions in performance-critical operations.
To enable the following instructions: AVX2 AVX_VNNI FMA, in other operations, rebuild TensorFlow with the appropriate compiler flags.
WARNING: All log messages before absl::InitializeLog() is called are written to STDERR
I0000 00:00:1781358043.551235  655264 port.cc:153] oneDNN custom operations are on. You may see slightly different numerical results due to floating-point round-off errors from different computation orders. To turn them off, set the environment variable `TF_ENABLE_ONEDNN_OPTS=0`.
I0000 00:00:1781358043.551451  655264 cudart_stub.cc:31] Could not find cuda drivers on your machine, GPU will not be used.
Using backend: tensorflow
Other supported backends: tensorflow.compat.v1, pytorch, jax, paddle.
paddle supports more examples now and is recommended.
E0000 00:00:1781358044.868978  655264 cuda_executor.cc:1737] INTERNAL: CUDA Runtime error: Failed call to cudaGetRuntimeVersion: Error loading CUDA libraries. GPU will not be used.: Error loading CUDA libraries. GPU will not be used.
W0000 00:00:1781358044.891792  655264 gpu_device.cc:2365] Cannot dlopen some GPU libraries. Please make sure the missing libraries mentioned above are installed properly if you would like to use GPU. Follow the guide at https://www.tensorflow.org/install/gpu for how to download and setup the required libraries for your platform.
Skipping registering GPU devices...

===== CYCLE 21 =====
1974-04-24 00:00:00
[INFO] Non-dimensional params: eta_nd=0.2356, u0_nd=5.1471, tau_nd=0.7763
[INFO] Loaded fitted source (TF-native) from: data/fitted_source_map_cycle21.npy
[INFO] Source scale (incl. units): 1.0305
[INFO] Pole mask above deg: 80.0
1974-04-24 00:00:00
[get_wso_constraints] data/21 → Nt=139 (used 400), Nlat=181, total points=60400
Warning: 5000 points required, but 5041 points sampled.
Compiling model...
'compile' took 0.012337 s

Training model...

Step      Train loss                                  Test loss                                   Test metric
0         [2.55e+04, 6.03e+01, 1.23e-01, 5.20e+03]    [3.23e+04, 6.03e+01, 1.23e-01, 5.20e+03]    []  
1000      [2.74e+03, 6.78e+00, 8.20e+01, 4.02e+02]    [3.50e+03, 6.78e+00, 8.20e+01, 4.02e+02]    []  
2000      [1.33e+03, 6.35e+00, 1.77e+01, 3.12e+02]    [1.64e+03, 6.35e+00, 1.77e+01, 3.12e+02]    []  
3000      [1.03e+03, 5.79e+00, 4.31e+01, 2.95e+02]    [1.28e+03, 5.79e+00, 4.31e+01, 2.95e+02]    []  
4000      [9.43e+02, 4.10e+00, 1.79e+01, 2.80e+02]    [1.15e+03, 4.10e+00, 1.79e+01, 2.80e+02]    []  
5000      [9.03e+02, 3.63e+00, 1.02e+01, 2.65e+02]    [1.12e+03, 3.63e+00, 1.02e+01, 2.65e+02]    []  
6000      [5.95e+02, 3.89e+00, 9.70e+00, 2.60e+02]    [7.19e+02, 3.89e+00, 9.70e+00, 2.60e+02]    []  
7000      [7.79e+02, 3.87e+00, 4.22e+01, 2.49e+02]    [9.38e+02, 3.87e+00, 4.22e+01, 2.49e+02]    []  
8000      [4.67e+02, 3.66e+00, 2.74e+00, 2.39e+02]    [5.60e+02, 3.66e+00, 2.74e+00, 2.39e+02]    []  
9000      [4.66e+02, 3.12e+00, 1.54e+01, 2.38e+02]    [5.61e+02, 3.12e+00, 1.54e+01, 2.38e+02]    []  
10000     [4.89e+02, 2.49e+00, 4.35e+00, 2.53e+02]    [5.81e+02, 2.49e+00, 4.35e+00, 2.53e+02]    []  
11000     [5.43e+02, 2.04e+00, 2.78e+01, 2.46e+02]    [6.62e+02, 2.04e+00, 2.78e+01, 2.46e+02]    []  
12000     [4.11e+02, 1.89e+00, 5.71e+01, 2.33e+02]    [4.60e+02, 1.89e+00, 5.71e+01, 2.33e+02]    []  
13000     [3.49e+02, 1.99e+00, 5.00e+01, 2.51e+02]    [4.09e+02, 1.99e+00, 5.00e+01, 2.51e+02]    []  
14000     [2.90e+02, 1.98e+00, 1.02e+01, 2.28e+02]    [3.16e+02, 1.98e+00, 1.02e+01, 2.28e+02]    []  
15000     [2.64e+02, 2.16e+00, 2.63e+01, 2.27e+02]    [3.02e+02, 2.16e+00, 2.63e+01, 2.27e+02]    []  
16000     [2.39e+02, 2.03e+00, 1.07e+01, 2.30e+02]    [2.67e+02, 2.03e+00, 1.07e+01, 2.30e+02]    []  
17000     [4.17e+02, 1.96e+00, 1.21e+02, 2.30e+02]    [4.55e+02, 1.96e+00, 1.21e+02, 2.30e+02]    []  
18000     [2.99e+02, 1.74e+00, 5.83e+01, 2.24e+02]    [3.56e+02, 1.74e+00, 5.83e+01, 2.24e+02]    []  
19000     [3.53e+02, 1.96e+00, 9.29e+01, 2.48e+02]    [3.81e+02, 1.96e+00, 9.29e+01, 2.48e+02]    []  
20000     [2.63e+02, 1.85e+00, 5.11e+00, 2.24e+02]    [2.77e+02, 1.85e+00, 5.11e+00, 2.24e+02]    []  
21000     [2.35e+02, 1.97e+00, 1.10e+01, 2.27e+02]    [2.62e+02, 1.97e+00, 1.10e+01, 2.27e+02]    []  
22000     [1.36e+02, 1.95e+00, 1.37e+01, 2.23e+02]    [1.44e+02, 1.95e+00, 1.37e+01, 2.23e+02]    []  
23000     [4.82e+02, 1.78e+00, 9.77e+00, 2.30e+02]    [5.53e+02, 1.78e+00, 9.77e+00, 2.30e+02]    []  
24000     [1.39e+02, 1.67e+00, 5.07e+00, 2.19e+02]    [1.26e+02, 1.67e+00, 5.07e+00, 2.19e+02]    []  
25000     [2.15e+02, 1.53e+00, 1.54e+01, 2.21e+02]    [2.46e+02, 1.53e+00, 1.54e+01, 2.21e+02]    []  
26000     [1.13e+02, 1.53e+00, 3.77e+00, 2.15e+02]    [1.15e+02, 1.53e+00, 3.77e+00, 2.15e+02]    []  
27000     [1.20e+02, 1.56e+00, 2.20e+01, 2.15e+02]    [1.24e+02, 1.56e+00, 2.20e+01, 2.15e+02]    []  
28000     [8.26e+01, 1.52e+00, 1.77e+01, 2.14e+02]    [8.39e+01, 1.52e+00, 1.77e+01, 2.14e+02]    []  
29000     [1.74e+02, 1.65e+00, 5.32e+01, 2.26e+02]    [1.68e+02, 1.65e+00, 5.32e+01, 2.26e+02]    []  
30000     [1.31e+02, 1.61e+00, 3.37e+01, 2.16e+02]    [1.36e+02, 1.61e+00, 3.37e+01, 2.16e+02]    []  
31000     [1.45e+02, 1.63e+00, 1.15e+00, 2.20e+02]    [1.43e+02, 1.63e+00, 1.15e+00, 2.20e+02]    []  
32000     [1.20e+02, 1.51e+00, 1.03e+01, 2.18e+02]    [1.01e+02, 1.51e+00, 1.03e+01, 2.18e+02]    []  
33000     [1.26e+02, 1.49e+00, 1.70e+00, 2.13e+02]    [1.20e+02, 1.49e+00, 1.70e+00, 2.13e+02]    []  
34000     [3.23e+02, 1.40e+00, 2.49e+00, 2.23e+02]    [3.66e+02, 1.40e+00, 2.49e+00, 2.23e+02]    []  
35000     [7.04e+01, 1.45e+00, 3.31e+00, 2.14e+02]    [6.85e+01, 1.45e+00, 3.31e+00, 2.14e+02]    []  
36000     [1.77e+02, 1.57e+00, 9.70e+00, 2.19e+02]    [1.97e+02, 1.57e+00, 9.70e+00, 2.19e+02]    []  
37000     [1.09e+02, 1.42e+00, 3.44e+00, 2.15e+02]    [1.07e+02, 1.42e+00, 3.44e+00, 2.15e+02]    []  
38000     [1.73e+02, 1.49e+00, 2.48e+01, 2.24e+02]    [1.80e+02, 1.49e+00, 2.48e+01, 2.24e+02]    []  
39000     [1.46e+02, 1.34e+00, 9.12e+00, 2.16e+02]    [1.55e+02, 1.34e+00, 9.12e+00, 2.16e+02]    []  
40000     [9.23e+01, 1.35e+00, 2.37e+00, 2.11e+02]    [1.01e+02, 1.35e+00, 2.37e+00, 2.11e+02]    []  

Best model at step 35000:
  train loss: 2.89e+02
  test loss: 2.87e+02
  test metric: []

'train' took 27655.069412 s

Compiling model...
'compile' took 0.005615 s

Training model...

Step      Train loss                                  Test loss                                   Test metric
40000     [9.25e+01, 1.35e+00, 2.37e+00, 2.11e+02]    [1.01e+02, 1.35e+00, 2.37e+00, 2.11e+02]    []  
41000     [3.33e+01, 8.89e-01, 2.67e-01, 2.07e+02]    [4.13e+01, 8.89e-01, 2.67e-01, 2.07e+02]    []  

Best model at step 41000:
  train loss: 2.41e+02
  test loss: 2.49e+02
  test metric: []

'train' took 2224.119383 s

1974-04-24 00:00:00
cycle 21 done -> results/cycle_21

Summary: {
  "21": {
    "cycle_length_yr": 10.305,
    "field_absmax_model_units": 25.53074836730957
  }
}
