nohup: ignoring input
WARNING: All log messages before absl::InitializeLog() is called are written to STDERR
I0000 00:00:1781327001.731605  630452 port.cc:153] oneDNN custom operations are on. You may see slightly different numerical results due to floating-point round-off errors from different computation orders. To turn them off, set the environment variable `TF_ENABLE_ONEDNN_OPTS=0`.
I0000 00:00:1781327001.732020  630452 cudart_stub.cc:31] Could not find cuda drivers on your machine, GPU will not be used.
I0000 00:00:1781327001.765426  630452 cpu_feature_guard.cc:227] This TensorFlow binary is optimized to use available CPU instructions in performance-critical operations.
To enable the following instructions: AVX2 AVX_VNNI FMA, in other operations, rebuild TensorFlow with the appropriate compiler flags.
WARNING: All log messages before absl::InitializeLog() is called are written to STDERR
I0000 00:00:1781327002.545726  630452 port.cc:153] oneDNN custom operations are on. You may see slightly different numerical results due to floating-point round-off errors from different computation orders. To turn them off, set the environment variable `TF_ENABLE_ONEDNN_OPTS=0`.
I0000 00:00:1781327002.545964  630452 cudart_stub.cc:31] Could not find cuda drivers on your machine, GPU will not be used.
Using backend: tensorflow
Other supported backends: tensorflow.compat.v1, pytorch, jax, paddle.
paddle supports more examples now and is recommended.
E0000 00:00:1781327003.897294  630452 cuda_executor.cc:1737] INTERNAL: CUDA Runtime error: Failed call to cudaGetRuntimeVersion: Error loading CUDA libraries. GPU will not be used.: Error loading CUDA libraries. GPU will not be used.
W0000 00:00:1781327003.920154  630452 gpu_device.cc:2365] Cannot dlopen some GPU libraries. Please make sure the missing libraries mentioned above are installed properly if you would like to use GPU. Follow the guide at https://www.tensorflow.org/install/gpu for how to download and setup the required libraries for your platform.
Skipping registering GPU devices...

===== CYCLE 22 =====
1986-09-16 00:00:00
[INFO] Non-dimensional params: eta_nd=0.2271, u0_nd=4.9598, tau_nd=0.8056
[INFO] Loaded fitted source (TF-native) from: data/fitted_source_map_cycle22.npy
[INFO] Source scale (incl. units): 0.993
[INFO] Pole mask above deg: 80.0
1986-09-16 00:00:00
[get_wso_constraints] data/22 → Nt=134 (used 400), Nlat=181, total points=60400
Warning: 5000 points required, but 5041 points sampled.
Compiling model...
'compile' took 0.012132 s

Training model...

Step      Train loss                                  Test loss                                   Test metric
0         [1.76e+04, 8.04e+01, 6.53e-01, 4.15e+03]    [2.18e+04, 8.04e+01, 6.53e-01, 4.15e+03]    []  
1000      [2.28e+03, 7.25e+00, 5.77e+01, 3.62e+02]    [2.82e+03, 7.25e+00, 5.77e+01, 3.62e+02]    []  
2000      [1.13e+03, 5.68e+00, 4.92e+00, 2.98e+02]    [1.39e+03, 5.68e+00, 4.92e+00, 2.98e+02]    []  
3000      [9.65e+02, 5.73e+00, 8.03e+00, 2.71e+02]    [1.18e+03, 5.73e+00, 8.03e+00, 2.71e+02]    []  
4000      [6.40e+02, 4.58e+00, 2.78e+01, 2.51e+02]    [7.93e+02, 4.58e+00, 2.78e+01, 2.51e+02]    []  
5000      [6.27e+02, 3.87e+00, 1.41e+02, 2.46e+02]    [7.60e+02, 3.87e+00, 1.41e+02, 2.46e+02]    []  
6000      [4.45e+02, 3.88e+00, 2.45e+01, 2.35e+02]    [5.43e+02, 3.88e+00, 2.45e+01, 2.35e+02]    []  
7000      [7.57e+02, 3.04e+00, 4.51e+01, 2.37e+02]    [9.53e+02, 3.04e+00, 4.51e+01, 2.37e+02]    []  
8000      [3.89e+02, 3.32e+00, 1.09e+01, 2.34e+02]    [4.64e+02, 3.32e+00, 1.09e+01, 2.34e+02]    []  
9000      [4.41e+02, 2.72e+00, 1.50e+01, 2.46e+02]    [5.25e+02, 2.72e+00, 1.50e+01, 2.46e+02]    []  
10000     [3.12e+02, 2.88e+00, 3.06e+01, 2.24e+02]    [3.66e+02, 2.88e+00, 3.06e+01, 2.24e+02]    []  
11000     [2.81e+02, 2.95e+00, 3.86e+00, 2.20e+02]    [3.21e+02, 2.95e+00, 3.86e+00, 2.20e+02]    []  
12000     [5.20e+02, 4.27e+00, 1.18e+01, 2.83e+02]    [6.25e+02, 4.27e+00, 1.18e+01, 2.83e+02]    []  
13000     [3.38e+02, 3.35e+00, 2.98e+00, 2.28e+02]    [3.88e+02, 3.35e+00, 2.98e+00, 2.28e+02]    []  
14000     [2.09e+02, 2.99e+00, 2.25e+00, 2.17e+02]    [2.35e+02, 2.99e+00, 2.25e+00, 2.17e+02]    []  
15000     [3.79e+02, 2.86e+00, 2.60e+01, 2.22e+02]    [4.60e+02, 2.86e+00, 2.60e+01, 2.22e+02]    []  
16000     [2.68e+02, 2.41e+00, 3.90e+01, 2.18e+02]    [3.10e+02, 2.41e+00, 3.90e+01, 2.18e+02]    []  
17000     [2.14e+02, 2.25e+00, 2.33e+01, 2.20e+02]    [2.33e+02, 2.25e+00, 2.33e+01, 2.20e+02]    []  
18000     [2.50e+02, 2.91e+00, 9.20e+00, 2.31e+02]    [2.78e+02, 2.91e+00, 9.20e+00, 2.31e+02]    []  
19000     [2.19e+02, 2.09e+00, 3.07e+00, 2.12e+02]    [2.37e+02, 2.09e+00, 3.07e+00, 2.12e+02]    []  
20000     [2.91e+02, 2.50e+00, 3.14e+01, 2.17e+02]    [3.24e+02, 2.50e+00, 3.14e+01, 2.17e+02]    []  
21000     [1.95e+02, 2.44e+00, 2.34e+01, 2.13e+02]    [2.04e+02, 2.44e+00, 2.34e+01, 2.13e+02]    []  
22000     [1.36e+02, 2.23e+00, 7.85e+00, 2.10e+02]    [1.48e+02, 2.23e+00, 7.85e+00, 2.10e+02]    []  
23000     [1.99e+02, 2.40e+00, 7.00e-01, 2.14e+02]    [2.20e+02, 2.40e+00, 7.00e-01, 2.14e+02]    []  
24000     [1.20e+02, 2.24e+00, 4.77e+00, 2.12e+02]    [1.26e+02, 2.24e+00, 4.77e+00, 2.12e+02]    []  
25000     [1.75e+02, 2.42e+00, 4.34e+00, 2.12e+02]    [1.88e+02, 2.42e+00, 4.34e+00, 2.12e+02]    []  
26000     [1.37e+02, 2.20e+00, 4.51e+01, 2.13e+02]    [1.45e+02, 2.20e+00, 4.51e+01, 2.13e+02]    []  
27000     [1.96e+02, 2.53e+00, 1.78e+01, 2.16e+02]    [2.17e+02, 2.53e+00, 1.78e+01, 2.16e+02]    []  
28000     [1.69e+02, 2.17e+00, 4.86e+00, 2.10e+02]    [1.87e+02, 2.17e+00, 4.86e+00, 2.10e+02]    []  
29000     [1.55e+02, 2.11e+00, 4.00e+00, 2.15e+02]    [1.65e+02, 2.11e+00, 4.00e+00, 2.15e+02]    []  
30000     [2.67e+02, 1.86e+00, 1.28e+01, 2.12e+02]    [2.98e+02, 1.86e+00, 1.28e+01, 2.12e+02]    []  
31000     [2.01e+02, 2.05e+00, 2.89e+00, 2.13e+02]    [2.31e+02, 2.05e+00, 2.89e+00, 2.13e+02]    []  
32000     [1.55e+02, 1.94e+00, 6.92e+00, 2.09e+02]    [1.83e+02, 1.94e+00, 6.92e+00, 2.09e+02]    []  
33000     [2.56e+02, 1.84e+00, 2.80e+01, 2.14e+02]    [3.10e+02, 1.84e+00, 2.80e+01, 2.14e+02]    []  
34000     [2.40e+02, 1.98e+00, 6.56e+00, 2.13e+02]    [2.89e+02, 1.98e+00, 6.56e+00, 2.13e+02]    []  
35000     [1.78e+02, 1.88e+00, 1.65e+01, 2.10e+02]    [1.89e+02, 1.88e+00, 1.65e+01, 2.10e+02]    []  
36000     [1.26e+02, 1.75e+00, 1.76e+01, 2.09e+02]    [1.47e+02, 1.75e+00, 1.76e+01, 2.09e+02]    []  
37000     [1.60e+02, 1.74e+00, 2.38e+01, 2.07e+02]    [1.85e+02, 1.74e+00, 2.38e+01, 2.07e+02]    []  
38000     [7.88e+01, 1.97e+00, 8.06e+00, 2.08e+02]    [8.80e+01, 1.97e+00, 8.06e+00, 2.08e+02]    []  
39000     [1.35e+02, 1.66e+00, 1.57e+01, 2.09e+02]    [1.21e+02, 1.66e+00, 1.57e+01, 2.09e+02]    []  
40000     [1.07e+02, 1.76e+00, 5.85e+00, 2.08e+02]    [1.05e+02, 1.76e+00, 5.85e+00, 2.08e+02]    []  

Best model at step 38000:
  train loss: 2.97e+02
  test loss: 3.06e+02
  test metric: []

'train' took 27478.571568 s

Compiling model...
'compile' took 0.004764 s

Training model...

Step      Train loss                                  Test loss                                   Test metric
40000     [1.07e+02, 1.76e+00, 5.85e+00, 2.08e+02]    [1.05e+02, 1.76e+00, 5.85e+00, 2.08e+02]    []  
41000     [3.97e+01, 1.06e+00, 1.78e-01, 2.01e+02]    [5.08e+01, 1.06e+00, 1.78e-01, 2.01e+02]    []  

Best model at step 41000:
  train loss: 2.42e+02
  test loss: 2.53e+02
  test metric: []

'train' took 1999.654998 s

1986-09-16 00:00:00
cycle 22 done -> results/cycle_22

Summary: {
  "22": {
    "cycle_length_yr": 9.93,
    "field_absmax_model_units": 20.164661407470703
  }
}
